2023-11-17 21:37:31,742 INFO Let the games begin
2023-11-17 21:37:31,743 INFO Using rotate aug with params 5
2023-11-17 21:37:31,743 INFO Using colorjtr aug with params [0.5, 0.5, 0.5]
2023-11-17 21:37:31,743 INFO Using scale aug with params [540, 720]
2023-11-17 21:37:31,743 INFO Using hflip aug with params 0.5
2023-11-17 21:37:31,743 INFO Using rscale aug with params [0.75, 1.0, 1.25, 1.5, 1.75, 2.0]
2023-11-17 21:37:31,743 INFO Using rcrop aug with params [540, 720]
2023-11-17 21:37:31,743 INFO Using colornorm aug with params [[0.485, 0.456, 0.406], [0.229, 0.224, 0.225]]
2023-11-17 21:37:31,743 INFO Using scale aug with params [1080, 1440]
2023-11-17 21:37:31,743 INFO Using colornorm aug with params [[0.485, 0.456, 0.406], [0.229, 0.224, 0.225]]
2023-11-17 21:37:31,784 INFO Using training seting {'n_workers': 0, 'train_iters': 30000, 'batch_size': 3, 'val_interval': 100, 'print_interval': 100, 'loss': {'name': 'CrossEntropyLoss', 'aux_weight': 0.4, 'ignore_index': 255}, 'optimizer': {'name': 'adaoptimizer', 'momentum': 0.9, 'wd': 0.0001, 'lr0': 0.01, 'max_iter': 30000, 'power': 0.9, 'warmup_steps': 400, 'warmup_start_lr': 1e-05}, 'train_augmentations': {'rotate': 5, 'colorjtr': [0.5, 0.5, 0.5], 'scale': [540, 720], 'hflip': 0.5, 'rscale': [0.75, 1.0, 1.25, 1.5, 1.75, 2.0], 'rcrop': [540, 720], 'colornorm': [[0.485, 0.456, 0.406], [0.229, 0.224, 0.225]]}, 'resume': '/home/crx_pinkpanda1/RGB-V/TDNet/pretrained/psp50.pkl', 'visdom': False}
2023-11-17 21:52:03,900 INFO Iter [100/30000]  Loss: 0.8174 
2023-11-17 21:52:47,292 INFO Overall Acc: 	: 0.875
2023-11-17 21:52:47,293 INFO Mean Acc : 	: 0.16666666666666666
2023-11-17 21:52:47,293 INFO FreqW Acc : 	: 0.765625
2023-11-17 21:52:47,293 INFO Mean IoU : 	: 0.14583333333333334
2023-11-17 21:52:47,293 INFO 0: 0.875
2023-11-17 21:52:47,293 INFO 1: 0.0
2023-11-17 21:52:47,293 INFO 2: nan
2023-11-17 21:52:47,293 INFO 3: nan
2023-11-17 21:52:47,293 INFO 4: nan
2023-11-17 21:52:47,293 INFO 5: 0.0
2023-11-17 21:52:47,293 INFO 6: nan
2023-11-17 21:52:47,293 INFO 7: 0.0
2023-11-17 21:52:47,293 INFO 8: nan
2023-11-17 21:52:47,294 INFO 9: nan
2023-11-17 21:52:47,294 INFO 10: 0.0
2023-11-17 21:52:47,294 INFO 11: nan
2023-11-17 21:52:47,294 INFO 12: nan
2023-11-17 21:52:47,294 INFO 13: nan
2023-11-17 21:52:47,294 INFO 14: 0.0
2023-11-17 22:07:07,346 INFO Iter [200/30000]  Loss: 0.7008 
2023-11-17 22:07:50,517 INFO Overall Acc: 	: 0.875
2023-11-17 22:07:50,518 INFO Mean Acc : 	: 0.16666666666666666
2023-11-17 22:07:50,518 INFO FreqW Acc : 	: 0.765625
2023-11-17 22:07:50,518 INFO Mean IoU : 	: 0.14583333333333334
2023-11-17 22:07:50,518 INFO 0: 0.875
2023-11-17 22:07:50,518 INFO 1: 0.0
2023-11-17 22:07:50,518 INFO 2: nan
2023-11-17 22:07:50,518 INFO 3: nan
2023-11-17 22:07:50,518 INFO 4: nan
2023-11-17 22:07:50,518 INFO 5: 0.0
2023-11-17 22:07:50,518 INFO 6: nan
2023-11-17 22:07:50,518 INFO 7: 0.0
2023-11-17 22:07:50,519 INFO 8: nan
2023-11-17 22:07:50,519 INFO 9: nan
2023-11-17 22:07:50,519 INFO 10: 0.0
2023-11-17 22:07:50,519 INFO 11: nan
2023-11-17 22:07:50,519 INFO 12: nan
2023-11-17 22:07:50,519 INFO 13: nan
2023-11-17 22:07:50,519 INFO 14: 0.0
2023-11-17 22:22:01,784 INFO Iter [300/30000]  Loss: 0.6776 
2023-11-17 22:22:45,389 INFO Overall Acc: 	: 0.875
2023-11-17 22:22:45,390 INFO Mean Acc : 	: 0.16666666666666666
2023-11-17 22:22:45,390 INFO FreqW Acc : 	: 0.765625
2023-11-17 22:22:45,390 INFO Mean IoU : 	: 0.14583333333333334
2023-11-17 22:22:45,390 INFO 0: 0.875
2023-11-17 22:22:45,390 INFO 1: 0.0
2023-11-17 22:22:45,390 INFO 2: nan
2023-11-17 22:22:45,390 INFO 3: nan
2023-11-17 22:22:45,391 INFO 4: nan
2023-11-17 22:22:45,391 INFO 5: 0.0
2023-11-17 22:22:45,391 INFO 6: nan
2023-11-17 22:22:45,391 INFO 7: 0.0
2023-11-17 22:22:45,391 INFO 8: nan
2023-11-17 22:22:45,391 INFO 9: nan
2023-11-17 22:22:45,391 INFO 10: 0.0
2023-11-17 22:22:45,391 INFO 11: nan
2023-11-17 22:22:45,391 INFO 12: nan
2023-11-17 22:22:45,391 INFO 13: nan
2023-11-17 22:22:45,391 INFO 14: 0.0
2023-11-17 22:36:45,452 INFO Iter [400/30000]  Loss: 0.6792 
2023-11-17 22:37:28,080 INFO Overall Acc: 	: 0.875
2023-11-17 22:37:28,080 INFO Mean Acc : 	: 0.16666666666666666
2023-11-17 22:37:28,080 INFO FreqW Acc : 	: 0.765625
2023-11-17 22:37:28,080 INFO Mean IoU : 	: 0.14583333333333334
2023-11-17 22:37:28,080 INFO 0: 0.875
2023-11-17 22:37:28,081 INFO 1: 0.0
2023-11-17 22:37:28,081 INFO 2: nan
2023-11-17 22:37:28,081 INFO 3: nan
2023-11-17 22:37:28,081 INFO 4: nan
2023-11-17 22:37:28,081 INFO 5: 0.0
2023-11-17 22:37:28,081 INFO 6: nan
2023-11-17 22:37:28,081 INFO 7: 0.0
2023-11-17 22:37:28,081 INFO 8: nan
2023-11-17 22:37:28,081 INFO 9: nan
2023-11-17 22:37:28,081 INFO 10: 0.0
2023-11-17 22:37:28,081 INFO 11: nan
2023-11-17 22:37:28,081 INFO 12: nan
2023-11-17 22:37:28,081 INFO 13: nan
2023-11-17 22:37:28,082 INFO 14: 0.0
2023-11-17 22:51:44,110 INFO Iter [500/30000]  Loss: 0.4999 
2023-11-17 22:52:26,649 INFO Overall Acc: 	: 0.875
2023-11-17 22:52:26,649 INFO Mean Acc : 	: 0.16666666666666666
2023-11-17 22:52:26,649 INFO FreqW Acc : 	: 0.765625
2023-11-17 22:52:26,649 INFO Mean IoU : 	: 0.14583333333333334
2023-11-17 22:52:26,649 INFO 0: 0.875
2023-11-17 22:52:26,649 INFO 1: 0.0
2023-11-17 22:52:26,650 INFO 2: nan
2023-11-17 22:52:26,650 INFO 3: nan
2023-11-17 22:52:26,650 INFO 4: nan
2023-11-17 22:52:26,650 INFO 5: 0.0
2023-11-17 22:52:26,650 INFO 6: nan
2023-11-17 22:52:26,650 INFO 7: 0.0
2023-11-17 22:52:26,650 INFO 8: nan
2023-11-17 22:52:26,650 INFO 9: nan
2023-11-17 22:52:26,650 INFO 10: 0.0
2023-11-17 22:52:26,650 INFO 11: nan
2023-11-17 22:52:26,650 INFO 12: nan
2023-11-17 22:52:26,650 INFO 13: nan
2023-11-17 22:52:26,650 INFO 14: 0.0
2023-11-17 23:06:56,444 INFO Iter [600/30000]  Loss: 0.6608 
2023-11-17 23:07:38,005 INFO Overall Acc: 	: 0.875
2023-11-17 23:07:38,006 INFO Mean Acc : 	: 0.16666666666666666
2023-11-17 23:07:38,006 INFO FreqW Acc : 	: 0.765625
2023-11-17 23:07:38,006 INFO Mean IoU : 	: 0.14583333333333334
2023-11-17 23:07:38,006 INFO 0: 0.875
2023-11-17 23:07:38,006 INFO 1: 0.0
2023-11-17 23:07:38,006 INFO 2: nan
2023-11-17 23:07:38,006 INFO 3: nan
2023-11-17 23:07:38,006 INFO 4: nan
2023-11-17 23:07:38,007 INFO 5: 0.0
2023-11-17 23:07:38,007 INFO 6: nan
2023-11-17 23:07:38,007 INFO 7: 0.0
2023-11-17 23:07:38,007 INFO 8: nan
2023-11-17 23:07:38,007 INFO 9: nan
2023-11-17 23:07:38,007 INFO 10: 0.0
2023-11-17 23:07:38,007 INFO 11: nan
2023-11-17 23:07:38,007 INFO 12: nan
2023-11-17 23:07:38,007 INFO 13: nan
2023-11-17 23:07:38,007 INFO 14: 0.0
