2023-11-19 02:01:47,777 INFO Let the games begin
2023-11-19 02:01:47,778 INFO Using rotate aug with params 5
2023-11-19 02:01:47,778 INFO Using colorjtr aug with params [0.5, 0.5, 0.5]
2023-11-19 02:01:47,778 INFO Using scale aug with params [540, 720]
2023-11-19 02:01:47,778 INFO Using hflip aug with params 0.5
2023-11-19 02:01:47,778 INFO Using rscale aug with params [0.75, 1.0, 1.25, 1.5, 1.75, 2.0]
2023-11-19 02:01:47,779 INFO Using rcrop aug with params [540, 720]
2023-11-19 02:01:47,779 INFO Using colornorm aug with params [[0.485, 0.456, 0.406], [0.229, 0.224, 0.225]]
2023-11-19 02:01:47,779 INFO Using colornorm aug with params [[0.485, 0.456, 0.406], [0.229, 0.224, 0.225]]
2023-11-19 02:01:47,828 INFO Using training seting {'n_workers': 8, 'train_iters': 30000, 'batch_size': 3, 'val_interval': 350, 'print_interval': 100, 'loss': {'name': 'CrossEntropyLoss', 'aux_weight': 0.4, 'ignore_index': 255}, 'optimizer': {'name': 'adaoptimizer', 'momentum': 0.9, 'wd': 0.0001, 'lr0': 0.01, 'max_iter': 30000, 'power': 0.9, 'warmup_steps': 400, 'warmup_start_lr': 1e-05}, 'train_augmentations': {'rotate': 5, 'colorjtr': [0.5, 0.5, 0.5], 'scale': [540, 720], 'hflip': 0.5, 'rscale': [0.75, 1.0, 1.25, 1.5, 1.75, 2.0], 'rcrop': [540, 720], 'colornorm': [[0.485, 0.456, 0.406], [0.229, 0.224, 0.225]]}, 'resume': '/home/crx_pinkpanda1/RGB-V/TDNet/pretrained/psp50.pkl', 'visdom': False}
2023-11-19 02:05:29,766 INFO Iter [100/30000]  Loss: 0.7272 
2023-11-19 02:08:22,179 INFO Iter [200/30000]  Loss: 0.7174 
2023-11-19 02:10:25,857 INFO Iter [300/30000]  Loss: 0.7076 
2023-11-19 02:12:13,382 INFO Overall Acc: 	: 0.8743343886765955
2023-11-19 02:12:13,382 INFO Mean Acc : 	: 0.1667950983492983
2023-11-19 02:12:13,382 INFO FreqW Acc : 	: 0.7651351564124886
2023-11-19 02:12:13,382 INFO Mean IoU : 	: 0.14599169948137666
2023-11-19 02:12:13,382 INFO 0: 0.8743390607504635
2023-11-19 02:12:13,382 INFO 1: 0.0
2023-11-19 02:12:13,382 INFO 2: nan
2023-11-19 02:12:13,382 INFO 3: nan
2023-11-19 02:12:13,382 INFO 4: nan
2023-11-19 02:12:13,382 INFO 5: 0.0
2023-11-19 02:12:13,382 INFO 6: nan
2023-11-19 02:12:13,382 INFO 7: 0.0
2023-11-19 02:12:13,383 INFO 8: nan
2023-11-19 02:12:13,383 INFO 9: nan
2023-11-19 02:12:13,383 INFO 10: 0.0
2023-11-19 02:12:13,383 INFO 11: nan
2023-11-19 02:12:13,383 INFO 12: nan
2023-11-19 02:12:13,383 INFO 13: nan
2023-11-19 02:12:13,383 INFO 14: 0.0016111361377963997
2023-11-19 02:12:59,207 INFO Iter [400/30000]  Loss: 0.5314 
2023-11-19 02:14:44,992 INFO Iter [500/30000]  Loss: 0.5574 
2023-11-19 02:16:33,563 INFO Iter [600/30000]  Loss: 0.6496 
2023-11-19 02:18:12,598 INFO Iter [700/30000]  Loss: 0.6981 
2023-11-19 02:19:24,557 INFO Overall Acc: 	: 0.875
2023-11-19 02:19:24,558 INFO Mean Acc : 	: 0.16666666666666666
2023-11-19 02:19:24,558 INFO FreqW Acc : 	: 0.765625
2023-11-19 02:19:24,558 INFO Mean IoU : 	: 0.14583333333333334
2023-11-19 02:19:24,558 INFO 0: 0.875
2023-11-19 02:19:24,559 INFO 1: 0.0
2023-11-19 02:19:24,559 INFO 2: nan
2023-11-19 02:19:24,559 INFO 3: nan
2023-11-19 02:19:24,559 INFO 4: nan
2023-11-19 02:19:24,559 INFO 5: 0.0
2023-11-19 02:19:24,559 INFO 6: nan
2023-11-19 02:19:24,559 INFO 7: 0.0
2023-11-19 02:19:24,559 INFO 8: nan
2023-11-19 02:19:24,559 INFO 9: nan
2023-11-19 02:19:24,559 INFO 10: 0.0
2023-11-19 02:19:24,559 INFO 11: nan
2023-11-19 02:19:24,559 INFO 12: nan
2023-11-19 02:19:24,559 INFO 13: nan
2023-11-19 02:19:24,559 INFO 14: 0.0
2023-11-19 02:21:25,596 INFO Iter [800/30000]  Loss: 0.6586 
