2023-11-18 00:26:59,346 INFO Let the games begin
2023-11-18 00:26:59,347 INFO Using rotate aug with params 5
2023-11-18 00:26:59,347 INFO Using colorjtr aug with params [0.5, 0.5, 0.5]
2023-11-18 00:26:59,347 INFO Using scale aug with params [540, 720]
2023-11-18 00:26:59,347 INFO Using hflip aug with params 0.5
2023-11-18 00:26:59,347 INFO Using rscale aug with params [0.75, 1.0, 1.25, 1.5, 1.75, 2.0]
2023-11-18 00:26:59,347 INFO Using rcrop aug with params [540, 720]
2023-11-18 00:26:59,348 INFO Using colornorm aug with params [[0.485, 0.456, 0.406], [0.229, 0.224, 0.225]]
2023-11-18 00:26:59,348 INFO Using scale aug with params [1080, 1440]
2023-11-18 00:26:59,348 INFO Using colornorm aug with params [[0.485, 0.456, 0.406], [0.229, 0.224, 0.225]]
2023-11-18 00:26:59,432 INFO Using training seting {'n_workers': 0, 'train_iters': 30000, 'batch_size': 3, 'val_interval': 10, 'print_interval': 100, 'loss': {'name': 'CrossEntropyLoss', 'aux_weight': 0.4, 'ignore_index': 255}, 'optimizer': {'name': 'adaoptimizer', 'momentum': 0.9, 'wd': 0.0001, 'lr0': 0.01, 'max_iter': 30000, 'power': 0.9, 'warmup_steps': 400, 'warmup_start_lr': 1e-05}, 'train_augmentations': {'rotate': 5, 'colorjtr': [0.5, 0.5, 0.5], 'scale': [540, 720], 'hflip': 0.5, 'rscale': [0.75, 1.0, 1.25, 1.5, 1.75, 2.0], 'rcrop': [540, 720], 'colornorm': [[0.485, 0.456, 0.406], [0.229, 0.224, 0.225]]}, 'resume': '/home/crx_pinkpanda1/RGB-V/TDNet/pretrained/psp50.pkl', 'visdom': False}
2023-11-18 00:29:14,301 INFO Overall Acc: 	: 0.8104772927689594
2023-11-18 00:29:14,301 INFO Mean Acc : 	: 0.1781890414981543
2023-11-18 00:29:14,301 INFO FreqW Acc : 	: 0.7137681300171701
2023-11-18 00:29:14,302 INFO Mean IoU : 	: 0.14890673924221318
2023-11-18 00:29:14,302 INFO 0: 0.810599998875834
2023-11-18 00:29:14,302 INFO 1: 0.022572304288973485
2023-11-18 00:29:14,302 INFO 2: nan
2023-11-18 00:29:14,302 INFO 3: nan
2023-11-18 00:29:14,302 INFO 4: nan
2023-11-18 00:29:14,302 INFO 5: 0.0
2023-11-18 00:29:14,302 INFO 6: nan
2023-11-18 00:29:14,302 INFO 7: 0.0
2023-11-18 00:29:14,302 INFO 8: nan
2023-11-18 00:29:14,302 INFO 9: nan
2023-11-18 00:29:14,302 INFO 10: 0.0
2023-11-18 00:29:14,302 INFO 11: nan
2023-11-18 00:29:14,302 INFO 12: nan
2023-11-18 00:29:14,302 INFO 13: nan
2023-11-18 00:29:14,302 INFO 14: 0.0602681322884716
