2023-11-18 00:53:26,173 INFO Let the games begin
2023-11-18 00:53:26,173 INFO Using rcrop aug with params [540, 720]
2023-11-18 00:53:26,173 INFO Using colornorm aug with params [[0.485, 0.456, 0.406], [0.229, 0.224, 0.225]]
2023-11-18 00:53:26,173 INFO Using colornorm aug with params [[0.485, 0.456, 0.406], [0.229, 0.224, 0.225]]
2023-11-18 00:53:26,216 INFO Using training seting {'n_workers': 0, 'train_iters': 30000, 'batch_size': 3, 'val_interval': 10, 'print_interval': 100, 'loss': {'name': 'CrossEntropyLoss', 'aux_weight': 0.4, 'ignore_index': 255}, 'optimizer': {'name': 'adaoptimizer', 'momentum': 0.9, 'wd': 0.0001, 'lr0': 0.01, 'max_iter': 30000, 'power': 0.9, 'warmup_steps': 400, 'warmup_start_lr': 1e-05}, 'train_augmentations': {'rcrop': [540, 720], 'colornorm': [[0.485, 0.456, 0.406], [0.229, 0.224, 0.225]]}, 'resume': '/home/crx_pinkpanda1/RGB-V/TDNet/pretrained/psp50.pkl', 'visdom': False}
2023-11-18 00:54:49,710 INFO Overall Acc: 	: 0.37627587326082695
2023-11-18 00:54:49,711 INFO Mean Acc : 	: 0.2099893579263023
2023-11-18 00:54:49,711 INFO FreqW Acc : 	: 0.19312831481797627
2023-11-18 00:54:49,711 INFO Mean IoU : 	: 0.10104727764555449
2023-11-18 00:54:49,711 INFO 0: 0.0
2023-11-18 00:54:49,711 INFO 1: 0.23797437737219654
2023-11-18 00:54:49,711 INFO 2: 0.0
2023-11-18 00:54:49,711 INFO 3: 0.005030609979767451
2023-11-18 00:54:49,711 INFO 4: 0.3790989385549376
2023-11-18 00:54:49,711 INFO 5: 0.0624780818217886
2023-11-18 00:54:49,711 INFO 6: 0.0
2023-11-18 00:54:49,711 INFO 7: 0.0001557903334366894
2023-11-18 00:54:49,711 INFO 8: 0.49021379261180886
2023-11-18 00:54:49,711 INFO 9: 0.13951080564735735
2023-11-18 00:54:49,711 INFO 10: 0.0
2023-11-18 00:54:49,711 INFO 11: 0.20122675445676796
2023-11-18 00:54:49,711 INFO 12: 0.0
2023-11-18 00:54:49,711 INFO 13: 0.0
2023-11-18 00:54:49,711 INFO 14: 2.0013905256523252e-05
2023-11-18 00:56:10,752 INFO Overall Acc: 	: 0.6897595572865635
2023-11-18 00:56:10,752 INFO Mean Acc : 	: 0.32475564279306823
2023-11-18 00:56:10,752 INFO FreqW Acc : 	: 0.5868460794172352
2023-11-18 00:56:10,752 INFO Mean IoU : 	: 0.2552084921600339
2023-11-18 00:56:10,752 INFO 0: 0.0
2023-11-18 00:56:10,752 INFO 1: 0.30782352625783116
2023-11-18 00:56:10,753 INFO 2: 0.0
2023-11-18 00:56:10,753 INFO 3: 0.35362213326087777
2023-11-18 00:56:10,753 INFO 4: 0.7751864469076789
2023-11-18 00:56:10,753 INFO 5: 0.11023674591923435
2023-11-18 00:56:10,753 INFO 6: 0.0
2023-11-18 00:56:10,753 INFO 7: 0.0
2023-11-18 00:56:10,753 INFO 8: 0.8182464146750259
2023-11-18 00:56:10,753 INFO 9: 0.390521800600712
2023-11-18 00:56:10,753 INFO 10: 0.0
2023-11-18 00:56:10,753 INFO 11: 0.3351612838825919
2023-11-18 00:56:10,753 INFO 12: 0.0
2023-11-18 00:56:10,753 INFO 13: 0.0
2023-11-18 00:56:10,753 INFO 14: 0.7373290308965559
