2023-11-19 02:23:00,531 INFO Let the games begin
2023-11-19 02:23:00,532 INFO Using rotate aug with params 5
2023-11-19 02:23:00,532 INFO Using colorjtr aug with params [0.5, 0.5, 0.5]
2023-11-19 02:23:00,532 INFO Using scale aug with params [540, 720]
2023-11-19 02:23:00,532 INFO Using hflip aug with params 0.5
2023-11-19 02:23:00,532 INFO Using rscale aug with params [0.75, 1.0, 1.25, 1.5, 1.75, 2.0]
2023-11-19 02:23:00,532 INFO Using rcrop aug with params [540, 720]
2023-11-19 02:23:00,532 INFO Using colornorm aug with params [[0.485, 0.456, 0.406], [0.229, 0.224, 0.225]]
2023-11-19 02:23:00,532 INFO Using colornorm aug with params [[0.485, 0.456, 0.406], [0.229, 0.224, 0.225]]
2023-11-19 02:23:00,575 INFO Using training seting {'n_workers': 8, 'train_iters': 30000, 'batch_size': 3, 'val_interval': 350, 'print_interval': 100, 'loss': {'name': 'CrossEntropyLoss', 'aux_weight': 0.4, 'ignore_index': 255}, 'optimizer': {'name': 'adaoptimizer', 'momentum': 0.9, 'wd': 0.0001, 'lr0': 0.01, 'max_iter': 30000, 'power': 0.9, 'warmup_steps': 400, 'warmup_start_lr': 1e-05}, 'train_augmentations': {'rotate': 5, 'colorjtr': [0.5, 0.5, 0.5], 'scale': [540, 720], 'hflip': 0.5, 'rscale': [0.75, 1.0, 1.25, 1.5, 1.75, 2.0], 'rcrop': [540, 720], 'colornorm': [[0.485, 0.456, 0.406], [0.229, 0.224, 0.225]]}, 'resume': '/home/crx_pinkpanda1/RGB-V/TDNet/pretrained/psp50.pkl', 'visdom': False}
2023-11-19 02:25:08,449 INFO Iter [100/30000]  Loss: 0.7517 
2023-11-19 02:27:07,225 INFO Iter [200/30000]  Loss: 0.7293 
2023-11-19 02:29:37,732 INFO Iter [300/30000]  Loss: 0.7133 
2023-11-19 02:33:15,500 INFO Overall Acc: 	: 0.8736727782676856
2023-11-19 02:33:15,500 INFO Mean Acc : 	: 0.16696720047879807
2023-11-19 02:33:15,500 INFO FreqW Acc : 	: 0.764648921212136
2023-11-19 02:33:15,500 INFO Mean IoU : 	: 0.14618561310491643
2023-11-19 02:33:15,500 INFO 0: 0.8736682389563272
2023-11-19 02:33:15,501 INFO 1: 0.0
2023-11-19 02:33:15,501 INFO 2: nan
2023-11-19 02:33:15,501 INFO 3: nan
2023-11-19 02:33:15,501 INFO 4: nan
2023-11-19 02:33:15,501 INFO 5: 0.0
2023-11-19 02:33:15,501 INFO 6: nan
2023-11-19 02:33:15,501 INFO 7: 0.0
2023-11-19 02:33:15,501 INFO 8: nan
2023-11-19 02:33:15,501 INFO 9: nan
2023-11-19 02:33:15,501 INFO 10: 0.0
2023-11-19 02:33:15,501 INFO 11: nan
2023-11-19 02:33:15,501 INFO 12: nan
2023-11-19 02:33:15,501 INFO 13: nan
2023-11-19 02:33:15,501 INFO 14: 0.003445439673171305
