2023-11-25 00:57:40,349 INFO Let the games begin
2023-11-25 00:57:40,350 INFO Using colorjtr aug with params [0.5, 0.5, 0.5]
2023-11-25 00:57:40,350 INFO Using scale aug with params [432, 432]
2023-11-25 00:57:40,350 INFO Using hflip aug with params 0.5
2023-11-25 00:57:40,350 INFO Using rscale aug with params [0.75, 1.0, 1.25, 1.5, 1.75, 2.0]
2023-11-25 00:57:40,350 INFO Using rcrop aug with params [432, 432]
2023-11-25 00:57:40,350 INFO Using colornorm aug with params [[0.485, 0.456, 0.406], [0.229, 0.224, 0.225]]
2023-11-25 00:57:40,350 INFO Using scale aug with params [1080, 1440]
2023-11-25 00:57:40,350 INFO Using colornorm aug with params [[0.485, 0.456, 0.406], [0.229, 0.224, 0.225]]
2023-11-25 00:57:40,360 INFO Using training seting {'n_workers': 8, 'train_iters': 30000, 'batch_size': 2, 'val_interval': 350, 'print_interval': 100, 'loss': {'name': 'CrossEntropyLoss', 'aux_weight': 0.4, 'ignore_index': 255}, 'optimizer': {'name': 'adaoptimizer', 'momentum': 0.9, 'wd': 0.0001, 'lr0': 0.01, 'max_iter': 30000, 'power': 0.9, 'warmup_steps': 400, 'warmup_start_lr': 1e-05}, 'train_augmentations': {'colorjtr': [0.5, 0.5, 0.5], 'scale': [432, 432], 'hflip': 0.5, 'rscale': [0.75, 1.0, 1.25, 1.5, 1.75, 2.0], 'rcrop': [432, 432], 'colornorm': [[0.485, 0.456, 0.406], [0.229, 0.224, 0.225]]}, 'resume': '/home/crx_pinkpanda1/RGB-V/TDNet/pretrained/psp50.pkl', 'visdom': False}
2023-11-25 00:58:23,073 INFO Iter [100/30000]  Loss: 2.2495 
2023-11-25 00:58:59,333 INFO Iter [200/30000]  Loss: 2.1319 
2023-11-25 00:59:37,998 INFO Iter [300/30000]  Loss: 1.6890 
2023-11-25 01:00:41,438 INFO Overall Acc: 	: 0.6077859735286433
2023-11-25 01:00:41,438 INFO Mean Acc : 	: 0.26805343866370046
2023-11-25 01:00:41,438 INFO FreqW Acc : 	: 0.43776534893125774
2023-11-25 01:00:41,438 INFO Mean IoU : 	: 0.20293260633051777
2023-11-25 01:00:41,438 INFO 0: 0.0
2023-11-25 01:00:41,438 INFO 1: 0.40496059408769153
2023-11-25 01:00:41,438 INFO 2: 0.0
2023-11-25 01:00:41,439 INFO 3: 0.585621230464141
2023-11-25 01:00:41,439 INFO 4: 0.23460149357888302
2023-11-25 01:00:41,439 INFO 5: 0.08067395116697323
2023-11-25 01:00:41,439 INFO 6: 0.0
2023-11-25 01:00:41,439 INFO 7: 0.0
2023-11-25 01:00:41,439 INFO 8: 0.46848151244147296
2023-11-25 01:00:41,439 INFO 9: 0.2572188899595866
2023-11-25 01:00:41,439 INFO 10: 0.0
2023-11-25 01:00:41,439 INFO 11: 0.45955598997778346
2023-11-25 01:00:41,439 INFO 12: 0.0
2023-11-25 01:00:41,439 INFO 13: 0.0
2023-11-25 01:00:41,439 INFO 14: 0.5528754332812346
2023-11-25 01:01:00,070 INFO Iter [400/30000]  Loss: 0.8272 
2023-11-25 01:01:39,192 INFO Iter [500/30000]  Loss: 0.6840 
2023-11-25 01:02:16,406 INFO Iter [600/30000]  Loss: 0.4702 
2023-11-25 01:02:57,586 INFO Iter [700/30000]  Loss: 0.3668 
