2023-11-25 00:43:02,707 INFO Let the games begin
2023-11-25 00:43:02,707 INFO Using colorjtr aug with params [0.5, 0.5, 0.5]
2023-11-25 00:43:02,707 INFO Using scale aug with params [432, 432]
2023-11-25 00:43:02,707 INFO Using hflip aug with params 0.5
2023-11-25 00:43:02,707 INFO Using rscale aug with params [0.75, 1.0, 1.25, 1.5, 1.75, 2.0]
2023-11-25 00:43:02,707 INFO Using rcrop aug with params [432, 432]
2023-11-25 00:43:02,708 INFO Using colornorm aug with params [[0.485, 0.456, 0.406], [0.229, 0.224, 0.225]]
2023-11-25 00:43:02,708 INFO Using scale aug with params [1080, 1440]
2023-11-25 00:43:02,708 INFO Using colornorm aug with params [[0.485, 0.456, 0.406], [0.229, 0.224, 0.225]]
2023-11-25 00:43:02,717 INFO Using training seting {'n_workers': 8, 'train_iters': 30000, 'batch_size': 2, 'val_interval': 350, 'print_interval': 100, 'loss': {'name': 'CrossEntropyLoss', 'aux_weight': 0.4, 'ignore_index': 255}, 'optimizer': {'name': 'adaoptimizer', 'momentum': 0.9, 'wd': 0.0001, 'lr0': 0.01, 'max_iter': 30000, 'power': 0.9, 'warmup_steps': 400, 'warmup_start_lr': 1e-05}, 'train_augmentations': {'colorjtr': [0.5, 0.5, 0.5], 'scale': [432, 432], 'hflip': 0.5, 'rscale': [0.75, 1.0, 1.25, 1.5, 1.75, 2.0], 'rcrop': [432, 432], 'colornorm': [[0.485, 0.456, 0.406], [0.229, 0.224, 0.225]]}, 'resume': '/home/crx_pinkpanda1/RGB-V/TDNet/pretrained/psp50.pkl', 'visdom': False}
2023-11-25 00:43:44,992 INFO Iter [100/30000]  Loss: 2.5206 
2023-11-25 00:44:22,088 INFO Iter [200/30000]  Loss: 2.2725 
2023-11-25 00:45:01,244 INFO Iter [300/30000]  Loss: 1.9436 
2023-11-25 00:46:05,019 INFO Overall Acc: 	: 0.49324761986413224
2023-11-25 00:46:05,019 INFO Mean Acc : 	: 0.11699730330795456
2023-11-25 00:46:05,020 INFO FreqW Acc : 	: 0.2697210422970886
2023-11-25 00:46:05,020 INFO Mean IoU : 	: 0.06657244721815607
2023-11-25 00:46:05,020 INFO 0: 0.0
2023-11-25 00:46:05,020 INFO 1: 0.030618538191311034
2023-11-25 00:46:05,020 INFO 2: 0.0
2023-11-25 00:46:05,020 INFO 3: 0.0
2023-11-25 00:46:05,020 INFO 4: 0.0
2023-11-25 00:46:05,020 INFO 5: 0.0
2023-11-25 00:46:05,020 INFO 6: 0.0
2023-11-25 00:46:05,020 INFO 7: 0.0
2023-11-25 00:46:05,020 INFO 8: 0.5425760651441282
2023-11-25 00:46:05,021 INFO 9: 0.0011073329949304047
2023-11-25 00:46:05,021 INFO 10: 0.0
2023-11-25 00:46:05,021 INFO 11: 0.0
2023-11-25 00:46:05,021 INFO 12: 0.0
2023-11-25 00:46:05,021 INFO 13: 0.0
2023-11-25 00:46:05,021 INFO 14: 0.42428477194197156
2023-11-25 00:46:23,060 INFO Iter [400/30000]  Loss: 1.9456 
2023-11-25 00:47:02,491 INFO Iter [500/30000]  Loss: 1.4876 
2023-11-25 00:47:38,934 INFO Iter [600/30000]  Loss: 1.6931 
2023-11-25 00:48:17,847 INFO Iter [700/30000]  Loss: 1.1600 
