2023-11-26 18:28:57,723 INFO Let the games begin
2023-11-26 18:28:57,724 INFO Using colorjtr aug with params [0.5, 0.5, 0.5]
2023-11-26 18:28:57,724 INFO Using scale aug with params [540, 720]
2023-11-26 18:28:57,724 INFO Using hflip aug with params 0.5
2023-11-26 18:28:57,724 INFO Using rscale aug with params [0.75, 1.0, 1.25, 1.5, 1.75, 2.0]
2023-11-26 18:28:57,724 INFO Using rcrop aug with params [540, 720]
2023-11-26 18:28:57,724 INFO Using colornorm aug with params [[0.485, 0.456, 0.406], [0.229, 0.224, 0.225]]
2023-11-26 18:28:57,724 INFO Using colornorm aug with params [[0.485, 0.456, 0.406], [0.229, 0.224, 0.225]]
2023-11-26 18:28:57,761 INFO Using training seting {'n_workers': 0, 'train_iters': 30000, 'batch_size': 3, 'val_interval': 350, 'print_interval': 100, 'loss': {'name': 'CrossEntropyLoss', 'aux_weight': 0.4, 'ignore_index': 255}, 'optimizer': {'name': 'adaoptimizer', 'momentum': 0.9, 'wd': 0.0001, 'lr0': 0.01, 'max_iter': 30000, 'power': 0.9, 'warmup_steps': 400, 'warmup_start_lr': 1e-05}, 'train_augmentations': {'colorjtr': [0.5, 0.5, 0.5], 'scale': [540, 720], 'hflip': 0.5, 'rscale': [0.75, 1.0, 1.25, 1.5, 1.75, 2.0], 'rcrop': [540, 720], 'colornorm': [[0.485, 0.456, 0.406], [0.229, 0.224, 0.225]]}, 'resume': '/home/crx_pinkpanda1/RGB-V/TDNet/pretrained/psp50.pkl', 'visdom': False}
2023-11-26 18:38:23,773 INFO Iter [100/30000]  Loss: 0.5964 
2023-11-26 18:47:43,546 INFO Iter [200/30000]  Loss: 0.4744 
2023-11-26 18:57:13,670 INFO Iter [300/30000]  Loss: 0.4022 
2023-11-26 19:02:51,175 INFO Overall Acc: 	: 0.9663319473022405
2023-11-26 19:02:51,176 INFO Mean Acc : 	: 0.8210839831708594
2023-11-26 19:02:51,176 INFO FreqW Acc : 	: 0.9357412652586887
2023-11-26 19:02:51,176 INFO Mean IoU : 	: 0.76333202043417
2023-11-26 19:02:51,176 INFO 0: 0.46014952743687404
2023-11-26 19:02:51,176 INFO 1: 0.9309749215025117
2023-11-26 19:02:51,176 INFO 2: 0.0
2023-11-26 19:02:51,176 INFO 3: 0.8997501996193298
2023-11-26 19:02:51,176 INFO 4: 0.9468477917961832
2023-11-26 19:02:51,176 INFO 5: 0.8487558994425342
2023-11-26 19:02:51,176 INFO 6: 0.7134965179657917
2023-11-26 19:02:51,176 INFO 7: 0.7610112119428664
2023-11-26 19:02:51,177 INFO 8: 0.963248819305658
2023-11-26 19:02:51,177 INFO 9: 0.9181017994663385
2023-11-26 19:02:51,177 INFO 10: 0.9162539089735536
2023-11-26 19:02:51,177 INFO 11: 0.924748375941999
2023-11-26 19:02:51,177 INFO 12: 0.29239009036450403
2023-11-26 19:02:51,177 INFO 13: 0.9158833290850166
2023-11-26 19:02:51,177 INFO 14: 0.9583679136693901
