2023-11-25 00:32:32,309 INFO Let the games begin
2023-11-25 00:32:32,310 INFO Using colorjtr aug with params [0.5, 0.5, 0.5]
2023-11-25 00:32:32,310 INFO Using scale aug with params [432, 432]
2023-11-25 00:32:32,310 INFO Using hflip aug with params 0.5
2023-11-25 00:32:32,310 INFO Using rscale aug with params [0.75, 1.0, 1.25, 1.5, 1.75, 2.0]
2023-11-25 00:32:32,310 INFO Using rcrop aug with params [432, 432]
2023-11-25 00:32:32,310 INFO Using colornorm aug with params [[0.485, 0.456, 0.406], [0.229, 0.224, 0.225]]
2023-11-25 00:32:32,310 INFO Using scale aug with params [1080, 1440]
2023-11-25 00:32:32,310 INFO Using colornorm aug with params [[0.485, 0.456, 0.406], [0.229, 0.224, 0.225]]
2023-11-25 00:32:32,319 INFO Using training seting {'n_workers': 8, 'train_iters': 30000, 'batch_size': 2, 'val_interval': 350, 'print_interval': 100, 'loss': {'name': 'CrossEntropyLoss', 'aux_weight': 0.4, 'ignore_index': 255}, 'optimizer': {'name': 'adaoptimizer', 'momentum': 0.9, 'wd': 0.0001, 'lr0': 0.01, 'max_iter': 30000, 'power': 0.9, 'warmup_steps': 400, 'warmup_start_lr': 1e-05}, 'train_augmentations': {'colorjtr': [0.5, 0.5, 0.5], 'scale': [432, 432], 'hflip': 0.5, 'rscale': [0.75, 1.0, 1.25, 1.5, 1.75, 2.0], 'rcrop': [432, 432], 'colornorm': [[0.485, 0.456, 0.406], [0.229, 0.224, 0.225]]}, 'resume': '/home/crx_pinkpanda1/RGB-V/TDNet/pretrained/psp50.pkl', 'visdom': False}
2023-11-25 00:33:14,321 INFO Iter [100/30000]  Loss: 2.0765 
2023-11-25 00:33:50,963 INFO Iter [200/30000]  Loss: 1.6923 
2023-11-25 00:34:30,684 INFO Iter [300/30000]  Loss: 1.5145 
2023-11-25 00:35:34,615 INFO Overall Acc: 	: 0.5964900140440264
2023-11-25 00:35:34,616 INFO Mean Acc : 	: 0.24849057618100173
2023-11-25 00:35:34,616 INFO FreqW Acc : 	: 0.4228860118550368
2023-11-25 00:35:34,616 INFO Mean IoU : 	: 0.16724054958902712
2023-11-25 00:35:34,616 INFO 0: 0.0
2023-11-25 00:35:34,616 INFO 1: 0.3096557983896013
2023-11-25 00:35:34,616 INFO 2: 0.0
2023-11-25 00:35:34,616 INFO 3: 0.09509141102217333
2023-11-25 00:35:34,616 INFO 4: 0.26299829425238835
2023-11-25 00:35:34,616 INFO 5: 0.060020107926216225
2023-11-25 00:35:34,616 INFO 6: 0.0
2023-11-25 00:35:34,616 INFO 7: 0.0
2023-11-25 00:35:34,617 INFO 8: 0.5672404008686697
2023-11-25 00:35:34,617 INFO 9: 0.1787619334310917
2023-11-25 00:35:34,617 INFO 10: 0.06508250825082508
2023-11-25 00:35:34,617 INFO 11: 0.3970244379143266
2023-11-25 00:35:34,617 INFO 12: 0.0
2023-11-25 00:35:34,617 INFO 13: 0.0
2023-11-25 00:35:34,617 INFO 14: 0.5727333517801144
