2023-11-26 16:37:59,383 INFO Let the games begin
2023-11-26 16:37:59,383 INFO Using colorjtr aug with params [0.5, 0.5, 0.5]
2023-11-26 16:37:59,383 INFO Using scale aug with params [540, 720]
2023-11-26 16:37:59,383 INFO Using hflip aug with params 0.5
2023-11-26 16:37:59,383 INFO Using rscale aug with params [0.75, 1.0, 1.25, 1.5, 1.75, 2.0]
2023-11-26 16:37:59,383 INFO Using rcrop aug with params [540, 720]
2023-11-26 16:37:59,383 INFO Using colornorm aug with params [[0.485, 0.456, 0.406], [0.229, 0.224, 0.225]]
2023-11-26 16:37:59,384 INFO Using colornorm aug with params [[0.485, 0.456, 0.406], [0.229, 0.224, 0.225]]
2023-11-26 16:37:59,393 INFO Using training seting {'n_workers': 0, 'train_iters': 30000, 'batch_size': 3, 'val_interval': 350, 'print_interval': 100, 'loss': {'name': 'CrossEntropyLoss', 'aux_weight': 0.4, 'ignore_index': 255}, 'optimizer': {'name': 'adaoptimizer', 'momentum': 0.9, 'wd': 0.0001, 'lr0': 0.01, 'max_iter': 30000, 'power': 0.9, 'warmup_steps': 400, 'warmup_start_lr': 1e-05}, 'train_augmentations': {'colorjtr': [0.5, 0.5, 0.5], 'scale': [540, 720], 'hflip': 0.5, 'rscale': [0.75, 1.0, 1.25, 1.5, 1.75, 2.0], 'rcrop': [540, 720], 'colornorm': [[0.485, 0.456, 0.406], [0.229, 0.224, 0.225]]}, 'resume': '/home/crx_pinkpanda1/RGB-V/TDNet/pretrained/psp50.pkl', 'visdom': False}
2023-11-26 16:39:42,742 INFO Iter [100/30000]  Loss: 0.3305 
2023-11-26 16:41:28,089 INFO Iter [200/30000]  Loss: 0.2566 
2023-11-26 16:43:06,497 INFO Iter [300/30000]  Loss: 0.1694 
2023-11-26 16:44:06,837 INFO Overall Acc: 	: 0.9321709962277092
2023-11-26 16:44:06,837 INFO Mean Acc : 	: 0.6515662057362709
2023-11-26 16:44:06,837 INFO FreqW Acc : 	: 0.8750737307276142
2023-11-26 16:44:06,837 INFO Mean IoU : 	: 0.596231646326421
2023-11-26 16:44:06,837 INFO 0: 0.15226707962689523
2023-11-26 16:44:06,837 INFO 1: 0.8281425843373105
2023-11-26 16:44:06,837 INFO 2: 0.0
2023-11-26 16:44:06,837 INFO 3: 0.8588290361704435
2023-11-26 16:44:06,837 INFO 4: 0.9015307036092981
2023-11-26 16:44:06,838 INFO 5: 0.7179950486991596
2023-11-26 16:44:06,838 INFO 6: 0.016973928188480064
2023-11-26 16:44:06,838 INFO 7: 0.5007122738688049
2023-11-26 16:44:06,838 INFO 8: 0.9254548442201151
2023-11-26 16:44:06,838 INFO 9: 0.8428814744279932
2023-11-26 16:44:06,838 INFO 10: 0.5403623046265015
2023-11-26 16:44:06,838 INFO 11: 0.8440176407945789
2023-11-26 16:44:06,838 INFO 12: 0.03111156897084578
2023-11-26 16:44:06,838 INFO 13: 0.8581692834838035
2023-11-26 16:44:06,838 INFO 14: 0.9250269238720847
