2023-12-02 16:49:54,531 INFO Let the games begin
2023-12-02 16:49:54,532 INFO Using colorjtr aug with params [0.5, 0.5, 0.5]
2023-12-02 16:49:54,532 INFO Using scale aug with params [432, 623]
2023-12-02 16:49:54,532 INFO Using hflip aug with params 0.5
2023-12-02 16:49:54,532 INFO Using rscale aug with params [0.75, 1.0, 1.25, 1.5, 1.75, 2.0]
2023-12-02 16:49:54,532 INFO Using rcrop aug with params [432, 623]
2023-12-02 16:49:54,532 INFO Using colornorm aug with params [[0.485, 0.456, 0.406], [0.229, 0.224, 0.225]]
2023-12-02 16:49:54,532 INFO Using scale aug with params [432, 623]
2023-12-02 16:49:54,532 INFO Using colornorm aug with params [[0.485, 0.456, 0.406], [0.229, 0.224, 0.225]]
2023-12-02 16:49:54,670 INFO Using training seting {'n_workers': 8, 'train_iters': 40000, 'batch_size': 3, 'val_interval': 350, 'print_interval': 100, 'loss': {'name': 'CrossEntropyLoss', 'aux_weight': 0.4, 'ignore_index': 255}, 'optimizer': {'name': 'adaoptimizer', 'momentum': 0.9, 'wd': 0.0001, 'lr0': 0.01, 'max_iter': 40000, 'power': 0.9, 'warmup_steps': 400, 'warmup_start_lr': 1e-05}, 'train_augmentations': {'colorjtr': [0.5, 0.5, 0.5], 'scale': [432, 623], 'hflip': 0.5, 'rscale': [0.75, 1.0, 1.25, 1.5, 1.75, 2.0], 'rcrop': [432, 623], 'colornorm': [[0.485, 0.456, 0.406], [0.229, 0.224, 0.225]]}, 'resume': '/home/crx_pinkpanda1/RGB-V/TDNet/pretrained/psp50.pkl', 'visdom': False}
2023-12-02 16:51:08,042 INFO Iter [100/40000]  Loss: 3.6261 
2023-12-02 16:52:19,576 INFO Iter [200/40000]  Loss: 3.9932 
2023-12-02 16:53:29,938 INFO Iter [300/40000]  Loss: 2.6763 
2023-12-02 16:54:13,402 INFO Overall Acc: 	: 0.6762837840348374
2023-12-02 16:54:13,402 INFO Mean Acc : 	: 0.36250244326974795
2023-12-02 16:54:13,402 INFO FreqW Acc : 	: 0.5003827909922967
2023-12-02 16:54:13,402 INFO Mean IoU : 	: 0.2465681165325186
2023-12-02 16:54:13,402 INFO 0: 0.28761506319028307
2023-12-02 16:54:13,402 INFO 1: 0.6734152367926041
2023-12-02 16:54:13,402 INFO 2: 0.31060639957340264
2023-12-02 16:54:13,402 INFO 3: 0.00031743753381399816
2023-12-02 16:54:13,402 INFO 4: 0.3743288721280564
2023-12-02 16:54:13,403 INFO 5: 0.0
2023-12-02 16:54:13,403 INFO 6: 0.64799109244093
2023-12-02 16:54:13,403 INFO 7: 0.16468143976673025
2023-12-02 16:54:13,403 INFO 8: 0.01180387173230004
2023-12-02 16:54:13,403 INFO 9: 0.0006450044644898569
2023-12-02 16:54:13,403 INFO 10: 0.5807145369255486
2023-12-02 16:54:13,403 INFO 11: 0.0462403966008351
2023-12-02 16:54:13,403 INFO 12: 0.0
2023-12-02 16:54:13,403 INFO 13: 0.35359428030626633
2023-12-02 16:54:13,403 INFO 14: nan
