2023-11-26 19:03:02,546 INFO Let the games begin
2023-11-26 19:03:02,547 INFO Using colorjtr aug with params [0.5, 0.5, 0.5]
2023-11-26 19:03:02,547 INFO Using scale aug with params [540, 720]
2023-11-26 19:03:02,547 INFO Using hflip aug with params 0.5
2023-11-26 19:03:02,547 INFO Using rscale aug with params [0.75, 1.0, 1.25, 1.5, 1.75, 2.0]
2023-11-26 19:03:02,547 INFO Using rcrop aug with params [540, 720]
2023-11-26 19:03:02,547 INFO Using colornorm aug with params [[0.485, 0.456, 0.406], [0.229, 0.224, 0.225]]
2023-11-26 19:03:02,547 INFO Using colornorm aug with params [[0.485, 0.456, 0.406], [0.229, 0.224, 0.225]]
2023-11-26 19:03:02,593 INFO Using training seting {'n_workers': 0, 'train_iters': 30000, 'batch_size': 3, 'val_interval': 350, 'print_interval': 100, 'loss': {'name': 'CrossEntropyLoss', 'aux_weight': 0.4, 'ignore_index': 255}, 'optimizer': {'name': 'adaoptimizer', 'momentum': 0.9, 'wd': 0.0001, 'lr0': 0.01, 'max_iter': 30000, 'power': 0.9, 'warmup_steps': 400, 'warmup_start_lr': 1e-05}, 'train_augmentations': {'colorjtr': [0.5, 0.5, 0.5], 'scale': [540, 720], 'hflip': 0.5, 'rscale': [0.75, 1.0, 1.25, 1.5, 1.75, 2.0], 'rcrop': [540, 720], 'colornorm': [[0.485, 0.456, 0.406], [0.229, 0.224, 0.225]]}, 'resume': '/home/crx_pinkpanda1/RGB-V/TDNet/pretrained/psp50.pkl', 'visdom': False}
2023-11-26 19:12:25,806 INFO Iter [100/30000]  Loss: 0.7856 
2023-11-26 19:21:47,240 INFO Iter [200/30000]  Loss: 0.6134 
2023-11-26 19:31:06,096 INFO Iter [300/30000]  Loss: 0.6046 
2023-11-26 19:36:22,916 INFO Overall Acc: 	: 0.9658733118590371
2023-11-26 19:36:22,917 INFO Mean Acc : 	: 0.8039277721484677
2023-11-26 19:36:22,917 INFO FreqW Acc : 	: 0.9347142075479324
2023-11-26 19:36:22,917 INFO Mean IoU : 	: 0.7557596242269088
2023-11-26 19:36:22,917 INFO 0: 0.40339654253293733
2023-11-26 19:36:22,917 INFO 1: 0.9294614345644338
2023-11-26 19:36:22,917 INFO 2: 0.0
2023-11-26 19:36:22,917 INFO 3: 0.8966351368152624
2023-11-26 19:36:22,917 INFO 4: 0.9435363417849286
2023-11-26 19:36:22,917 INFO 5: 0.8434814140032787
2023-11-26 19:36:22,917 INFO 6: 0.6990621520434623
2023-11-26 19:36:22,917 INFO 7: 0.7609572421632492
2023-11-26 19:36:22,917 INFO 8: 0.9624411082383275
2023-11-26 19:36:22,917 INFO 9: 0.9186174713365725
2023-11-26 19:36:22,917 INFO 10: 0.914467690895641
2023-11-26 19:36:22,917 INFO 11: 0.9251894085856812
2023-11-26 19:36:22,917 INFO 12: 0.2715482233502538
2023-11-26 19:36:22,917 INFO 13: 0.9095597031695085
2023-11-26 19:36:22,918 INFO 14: 0.9580404939200959
2023-11-26 19:41:03,083 INFO Iter [400/30000]  Loss: 0.5853 
2023-11-26 19:50:24,182 INFO Iter [500/30000]  Loss: 0.5564 
