2023-11-25 00:36:37,506 INFO Let the games begin
2023-11-25 00:36:37,507 INFO Using colorjtr aug with params [0.5, 0.5, 0.5]
2023-11-25 00:36:37,507 INFO Using scale aug with params [432, 432]
2023-11-25 00:36:37,507 INFO Using hflip aug with params 0.5
2023-11-25 00:36:37,507 INFO Using rscale aug with params [0.75, 1.0, 1.25, 1.5, 1.75, 2.0]
2023-11-25 00:36:37,507 INFO Using rcrop aug with params [432, 432]
2023-11-25 00:36:37,507 INFO Using colornorm aug with params [[0.485, 0.456, 0.406], [0.229, 0.224, 0.225]]
2023-11-25 00:36:37,507 INFO Using scale aug with params [1080, 1440]
2023-11-25 00:36:37,507 INFO Using colornorm aug with params [[0.485, 0.456, 0.406], [0.229, 0.224, 0.225]]
2023-11-25 00:36:37,517 INFO Using training seting {'n_workers': 8, 'train_iters': 30000, 'batch_size': 2, 'val_interval': 350, 'print_interval': 100, 'loss': {'name': 'CrossEntropyLoss', 'aux_weight': 0.4, 'ignore_index': 255}, 'optimizer': {'name': 'adaoptimizer', 'momentum': 0.9, 'wd': 0.0001, 'lr0': 0.01, 'max_iter': 30000, 'power': 0.9, 'warmup_steps': 400, 'warmup_start_lr': 1e-05}, 'train_augmentations': {'colorjtr': [0.5, 0.5, 0.5], 'scale': [432, 432], 'hflip': 0.5, 'rscale': [0.75, 1.0, 1.25, 1.5, 1.75, 2.0], 'rcrop': [432, 432], 'colornorm': [[0.485, 0.456, 0.406], [0.229, 0.224, 0.225]]}, 'resume': '/home/crx_pinkpanda1/RGB-V/TDNet/pretrained/psp50.pkl', 'visdom': False}
2023-11-25 00:37:19,907 INFO Iter [100/30000]  Loss: 2.6040 
2023-11-25 00:37:56,483 INFO Iter [200/30000]  Loss: 2.1419 
2023-11-25 00:38:35,095 INFO Iter [300/30000]  Loss: 2.3311 
2023-11-25 00:39:38,739 INFO Overall Acc: 	: 0.42559712628192564
2023-11-25 00:39:38,739 INFO Mean Acc : 	: 0.14978281546912192
2023-11-25 00:39:38,739 INFO FreqW Acc : 	: 0.26825098816133164
2023-11-25 00:39:38,740 INFO Mean IoU : 	: 0.08770148051271193
2023-11-25 00:39:38,740 INFO 0: 0.0
2023-11-25 00:39:38,740 INFO 1: 0.3012473646057728
2023-11-25 00:39:38,740 INFO 2: 0.0
2023-11-25 00:39:38,740 INFO 3: 0.0007403855252090777
2023-11-25 00:39:38,740 INFO 4: 0.0010359721808868908
2023-11-25 00:39:38,740 INFO 5: 0.0
2023-11-25 00:39:38,740 INFO 6: 0.0
2023-11-25 00:39:38,740 INFO 7: 0.0
2023-11-25 00:39:38,740 INFO 8: 0.39251853773585044
2023-11-25 00:39:38,740 INFO 9: 0.008948207500390427
2023-11-25 00:39:38,740 INFO 10: 0.0
2023-11-25 00:39:38,741 INFO 11: 0.20518004222788158
2023-11-25 00:39:38,741 INFO 12: 0.0
2023-11-25 00:39:38,741 INFO 13: 0.0
2023-11-25 00:39:38,741 INFO 14: 0.40585169791468767
2023-11-25 00:39:57,060 INFO Iter [400/30000]  Loss: 1.5806 
2023-11-25 00:40:35,714 INFO Iter [500/30000]  Loss: 1.2667 
2023-11-25 00:41:11,691 INFO Iter [600/30000]  Loss: 1.2440 
2023-11-25 00:41:50,228 INFO Iter [700/30000]  Loss: 0.7543 
