2023-11-25 00:49:24,322 INFO Let the games begin
2023-11-25 00:49:24,323 INFO Using colorjtr aug with params [0.5, 0.5, 0.5]
2023-11-25 00:49:24,323 INFO Using scale aug with params [432, 432]
2023-11-25 00:49:24,323 INFO Using hflip aug with params 0.5
2023-11-25 00:49:24,323 INFO Using rscale aug with params [0.75, 1.0, 1.25, 1.5, 1.75, 2.0]
2023-11-25 00:49:24,323 INFO Using rcrop aug with params [432, 432]
2023-11-25 00:49:24,323 INFO Using colornorm aug with params [[0.485, 0.456, 0.406], [0.229, 0.224, 0.225]]
2023-11-25 00:49:24,323 INFO Using scale aug with params [1080, 1440]
2023-11-25 00:49:24,324 INFO Using colornorm aug with params [[0.485, 0.456, 0.406], [0.229, 0.224, 0.225]]
2023-11-25 00:49:24,333 INFO Using training seting {'n_workers': 8, 'train_iters': 30000, 'batch_size': 2, 'val_interval': 350, 'print_interval': 100, 'loss': {'name': 'CrossEntropyLoss', 'aux_weight': 0.4, 'ignore_index': 255}, 'optimizer': {'name': 'adaoptimizer', 'momentum': 0.9, 'wd': 0.0001, 'lr0': 0.01, 'max_iter': 30000, 'power': 0.9, 'warmup_steps': 400, 'warmup_start_lr': 1e-05}, 'train_augmentations': {'colorjtr': [0.5, 0.5, 0.5], 'scale': [432, 432], 'hflip': 0.5, 'rscale': [0.75, 1.0, 1.25, 1.5, 1.75, 2.0], 'rcrop': [432, 432], 'colornorm': [[0.485, 0.456, 0.406], [0.229, 0.224, 0.225]]}, 'resume': '/home/crx_pinkpanda1/RGB-V/TDNet/pretrained/psp50.pkl', 'visdom': False}
2023-11-25 00:50:17,817 INFO Iter [100/30000]  Loss: 1.7001 
2023-11-25 00:51:05,753 INFO Iter [200/30000]  Loss: 0.9271 
2023-11-25 00:51:55,788 INFO Iter [300/30000]  Loss: 0.9421 
2023-11-25 00:53:07,373 INFO Overall Acc: 	: 0.7676456863609641
2023-11-25 00:53:07,373 INFO Mean Acc : 	: 0.3810358198735622
2023-11-25 00:53:07,373 INFO FreqW Acc : 	: 0.629707081784979
2023-11-25 00:53:07,373 INFO Mean IoU : 	: 0.2950789082887446
2023-11-25 00:53:07,374 INFO 0: 0.0
2023-11-25 00:53:07,374 INFO 1: 0.6675899634454535
2023-11-25 00:53:07,374 INFO 2: 0.0
2023-11-25 00:53:07,374 INFO 3: 0.555219640593259
2023-11-25 00:53:07,374 INFO 4: 0.48805435779086886
2023-11-25 00:53:07,374 INFO 5: 0.17952273764916582
2023-11-25 00:53:07,374 INFO 6: 0.0
2023-11-25 00:53:07,374 INFO 7: 0.0
2023-11-25 00:53:07,374 INFO 8: 0.8066621470274309
2023-11-25 00:53:07,374 INFO 9: 0.41459262748882325
2023-11-25 00:53:07,374 INFO 10: 0.039611850573524114
2023-11-25 00:53:07,374 INFO 11: 0.5425891186200776
2023-11-25 00:53:07,375 INFO 12: 0.0
2023-11-25 00:53:07,375 INFO 13: 0.0
2023-11-25 00:53:07,375 INFO 14: 0.7323411811425654
2023-11-25 00:53:26,282 INFO Iter [400/30000]  Loss: 0.5831 
2023-11-25 00:54:05,800 INFO Iter [500/30000]  Loss: 0.5435 
2023-11-25 00:54:43,982 INFO Iter [600/30000]  Loss: 0.3987 
2023-11-25 00:55:25,200 INFO Iter [700/30000]  Loss: 0.2943 
